<?xml version="1.0" encoding="UTF-8"?>
<!-- Generated by org.testng.reporters.JUnitXMLReporter -->
<testsuite ignored="0" hostname="DESKTOP-KSGEORJ" failures="0" tests="7" name="Surefire test" time="73.3" errors="0" timestamp="2023-06-21T14:42:20 BDT">
  <testcase classname="testcases.CartTest" name="checkCartPage" time="32.688"/>
  <testcase classname="testcases.LoginTest" name="testLoginWithInvalidCredential" time="2.063"/>
  <testcase classname="testcases.LoginTest" name="testLoginWithInvalidCredential" time="1.706"/>
  <testcase classname="testcases.LoginTest" name="testLoginWithInvalidCredential" time="1.706"/>
  <testcase classname="testcases.LoginTest" name="testLoginWithValidCredentials" time="1.908"/>
  <testcase classname="testcases.ProductTest" name="testFakeDataCreate" time="2.689"/>
  <testcase classname="testcases.ProductTest" name="checkProductPage" time="11.97"/>
</testsuite> <!-- Surefire test -->
