<?xml version="1.0" encoding="UTF-8"?>
<!-- Generated by org.testng.reporters.JUnitXMLReporter -->
<testsuite ignored="0" hostname="DESKTOP-KSGEORJ" failures="0" tests="7" name="Test" time="155.419" errors="0" timestamp="2023-06-21T15:44:04 BDT">
  <testcase classname="testcases.LoginTest" name="testLoginWithInvalidCredential" time="5.737"/>
  <testcase classname="testcases.LoginTest" name="testLoginWithInvalidCredential" time="2.706"/>
  <testcase classname="testcases.LoginTest" name="testLoginWithInvalidCredential" time="45.503"/>
  <testcase classname="testcases.ProductTest" name="testFakeDataCreate" time="1.917"/>
  <testcase classname="testcases.CartTest" name="checkCartPage" time="38.518"/>
  <testcase classname="testcases.LoginTest" name="testLoginWithValidCredentials" time="2.112"/>
  <testcase classname="testcases.ProductTest" name="checkProductPage" time="12.791"/>
</testsuite> <!-- Test -->
